2015-03-25 16:12:09,389: [INFO]: project_and_user_dump.py:69: MySQLBase start-------
2015-03-25 16:12:09,782: [INFO]: project_and_user_dump.py:152: format error user: ceilometer
2015-03-25 16:12:09,782: [INFO]: project_and_user_dump.py:152: format error user: demo
2015-03-25 16:12:10,240: [INFO]: project_and_user_dump.py:152: format error user: glance
2015-03-25 16:12:13,591: [INFO]: project_and_user_dump.py:152: format error user: admin
2015-03-25 16:12:15,912: [INFO]: project_and_user_dump.py:152: format error user: nova
2015-03-25 16:12:15,952: [INFO]: project_and_user_dump.py:69: MySQLBase start-------
2015-03-25 16:12:16,254: [INFO]: project_and_user_dump.py:361: uid: 2, pid: 1
2015-03-25 16:12:16,320: [INFO]: project_and_user_dump.py:361: uid: 2, pid: 22
2015-03-25 16:12:16,386: [INFO]: project_and_user_dump.py:361: uid: 2, pid: 4
2015-03-25 16:12:16,516: [INFO]: project_and_user_dump.py:358: uid: 3, pid: 1
2015-03-25 16:12:16,583: [INFO]: project_and_user_dump.py:361: uid: 4, pid: 20
2015-03-25 16:12:16,646: [INFO]: project_and_user_dump.py:361: uid: 4, pid: 22
2015-03-25 16:12:16,711: [INFO]: project_and_user_dump.py:361: uid: 4, pid: 4
2015-03-25 16:12:16,776: [INFO]: project_and_user_dump.py:361: uid: 4, pid: 21
2015-03-25 16:12:16,841: [INFO]: project_and_user_dump.py:361: uid: 4, pid: 7
2015-03-25 16:12:16,906: [INFO]: project_and_user_dump.py:358: uid: 3, pid: 18
2015-03-25 16:12:17,036: [INFO]: project_and_user_dump.py:361: uid: 6, pid: 1
2015-03-25 16:12:17,100: [INFO]: project_and_user_dump.py:361: uid: 6, pid: 22
2015-03-25 16:12:17,167: [INFO]: project_and_user_dump.py:358: uid: 5, pid: 7
2015-03-25 16:12:17,258: [INFO]: project_and_user_dump.py:358: uid: 5, pid: 8
2015-03-25 16:12:17,321: [INFO]: project_and_user_dump.py:358: uid: 5, pid: 9
2015-03-25 16:12:17,389: [INFO]: project_and_user_dump.py:361: uid: 6, pid: 11
2015-03-25 16:12:17,453: [INFO]: project_and_user_dump.py:361: uid: 6, pid: 13
2015-03-25 16:12:17,520: [INFO]: project_and_user_dump.py:361: uid: 6, pid: 18
2015-03-25 16:12:17,651: [INFO]: project_and_user_dump.py:361: uid: 8, pid: 1
2015-03-25 16:12:17,723: [INFO]: project_and_user_dump.py:358: uid: 7, pid: 20
2015-03-25 16:12:17,788: [INFO]: project_and_user_dump.py:361: uid: 8, pid: 22
2015-03-25 16:12:17,854: [INFO]: project_and_user_dump.py:358: uid: 7, pid: 4
2015-03-25 16:12:17,922: [INFO]: project_and_user_dump.py:358: uid: 7, pid: 21
2015-03-25 16:12:17,986: [INFO]: project_and_user_dump.py:361: uid: 8, pid: 5
2015-03-25 16:12:18,050: [INFO]: project_and_user_dump.py:361: uid: 8, pid: 7
2015-03-25 16:12:18,119: [INFO]: project_and_user_dump.py:361: uid: 8, pid: 13
2015-03-25 16:12:18,185: [INFO]: project_and_user_dump.py:361: uid: 8, pid: 15
2015-03-25 16:12:18,337: [INFO]: project_and_user_dump.py:358: uid: 9, pid: 19
2015-03-25 16:12:18,402: [INFO]: project_and_user_dump.py:361: uid: 10, pid: 1
2015-03-25 16:12:18,470: [INFO]: project_and_user_dump.py:361: uid: 10, pid: 20
2015-03-25 16:12:18,541: [INFO]: project_and_user_dump.py:358: uid: 9, pid: 2
2015-03-25 16:12:18,608: [INFO]: project_and_user_dump.py:358: uid: 9, pid: 22
2015-03-25 16:12:18,671: [INFO]: project_and_user_dump.py:361: uid: 10, pid: 4
2015-03-25 16:12:18,735: [INFO]: project_and_user_dump.py:361: uid: 10, pid: 21
2015-03-25 16:12:18,800: [INFO]: project_and_user_dump.py:358: uid: 9, pid: 5
2015-03-25 16:12:18,865: [INFO]: project_and_user_dump.py:361: uid: 10, pid: 7
2015-03-25 16:12:18,932: [INFO]: project_and_user_dump.py:361: uid: 10, pid: 8
2015-03-25 16:12:18,996: [INFO]: project_and_user_dump.py:361: uid: 10, pid: 9
2015-03-25 16:12:19,063: [INFO]: project_and_user_dump.py:358: uid: 9, pid: 11
2015-03-25 16:12:19,128: [INFO]: project_and_user_dump.py:358: uid: 9, pid: 13
2015-03-25 16:12:19,194: [INFO]: project_and_user_dump.py:358: uid: 9, pid: 14
2015-03-25 16:12:19,258: [INFO]: project_and_user_dump.py:358: uid: 9, pid: 15
2015-03-25 16:12:19,324: [INFO]: project_and_user_dump.py:358: uid: 9, pid: 16
2015-03-25 16:12:19,389: [INFO]: project_and_user_dump.py:361: uid: 10, pid: 18
